Arguments: 
  C:\Program Files\nodejs\node.exe C:\Program Files\nodejs\node_modules\yarn\bin\yarn.js init

PATH: 
  C:\Program Files\Git\mingw64\bin;C:\Program Files\Git\usr\bin;C:\Users\49011\bin;C:\Program Files\Common Files\Oracle\Java\javapath;C:\Program Files (x86)\Microsoft SDKs\Azure\CLI2\wbin;C:\Windows\system32;C:\Windows;C:\Windows\System32\Wbem;C:\Windows\System32\WindowsPowerShell\v1.0;C:\Windows\System32\OpenSSH;C:\Program Files\Git\cmd;C:\Program Files\Microsoft SQL Server\150\Tools\Binn;C:\Program Files\Microsoft SQL Server\Client SDK\ODBC\170\Tools\Binn;C:\Users\49011\AppData\Roaming\nvm;C:\Program Files\nodejs;C:\Program Files\dotnet;C:\Program Files\Microsoft SQL Server\130\Tools\Binn;C:\Program Files\Docker\Docker\resources\bin;C:\Users\49011\AppData\Local\Programs\Python\Python39\Scripts;C:\Users\49011\AppData\Local\Programs\Python\Python39;C:\Users\49011\AppData\Local\Microsoft\WindowsApps;C:\Users\49011\AppData\Roaming\nvm;C:\Program Files\nodejs;C:\Users\49011\Desktop\shortcut;C:\Program Files\PostgreSQL\11\bin;C:\Users\49011\.dotnet\tools;C:\Users\49011\.deno\bin;C:\Users\49011\AppData\Local\Programs\Microsoft VS Code\bin

Yarn version: 
  1.22.19

Node version: 
  16.13.0

Platform: 
  win32 x64

Trace: 
  Error: canceled
      at Interface.<anonymous> (C:\Users\49011\AppData\Roaming\nvm\v16.13.0\node_modules\yarn\lib\cli.js:137150:13)
      at Interface.emit (node:events:390:28)
      at Interface._ttyWrite (node:readline:1081:16)
      at ReadStream.onkeypress (node:readline:288:10)
      at ReadStream.emit (node:events:390:28)
      at emitKeys (node:internal/readline/utils:358:14)
      at emitKeys.next (<anonymous>)
      at ReadStream.onData (node:internal/readline/emitKeypressEvents:61:36)
      at ReadStream.emit (node:events:390:28)
      at addChunk (node:internal/streams/readable:315:12)

npm manifest: 
  {
    "name": "vue2-editor",
    "version": "2.10.3",
    "description": "HTML editor using Vue.js 2, and Quill.js, an open source editor",
    "author": {
      "name": "David Royer",
      "email": "droyer01@gmail.com"
    },
    "license": "MIT",
    "scripts": {
      "lint": "vue-cli-service lint",
      "build": " vue-cli-service build",
      "build:modular": "BUILD_TYPE=modular vue-cli-service build",
      "demo": "vue-cli-service demo",
      "dev": "vue-cli-service serve",
      "docs": "vue-cli-service docs --mode serve",
      "docs:build": "vue-cli-service docs --mode build",
      "docs:preview": "http-server docs/.vuepress/dist",
      "release": "standard-version && git push --follow-tags && npm publish",
      "release:next": "standard-version --prerelease next && git push --follow-tags origin dev && npm publish --tag next",
      "release:ssr": "standard-version --prerelease ssr && git push --follow-tags origin ssr && npm publish --tag ssr",
      "update:vp": "yarn upgrade vue-cli-plugin-vplugin"
    },
    "standard-version": {
      "scripts": {
        "postbump": "npm run build && git add dist && git commit -m 'chore: new build'"
      },
      "types": [
        {
          "type": "feat",
          "section": "Features"
        },
        {
          "type": "fix",
          "section": "Bug Fixes"
        },
        {
          "type": "chore",
          "hidden": true
        },
        {
          "type": "docs",
          "hidden": true
        },
        {
          "type": "imp",
          "section": "Improvements"
        },
        {
          "type": "style",
          "hidden": true
        },
        {
          "type": "refactor",
          "section": "Refactoring"
        },
        {
          "type": "perf",
          "hidden": true
        },
        {
          "type": "test",
          "hidden": true
        }
      ]
    },
    "main": "dist/vue2-editor.common.js",
    "module": "dist/vue2-editor.esm.js",
    "unpkg": "dist/vue2-editor.umd.min.js",
    "files": [
      "dist",
      "nuxt"
    ],
    "dependencies": {
      "quill": "^1.3.6"
    },
    "devDependencies": {
    },
    "peerDependencies": {},
    "eslintIgnore": [
      "/dist",
      "/node_modules",
      "/demo",
      "!.vuepress"
    ],
    "jsdelivr": "dist/vue2-editor.umd.min.js",
    "keywords": [
      "vue",
      "vue-component",
      "quill",
      "html editor",
      "text editor"
    ],
    "productName": "Vue2Editor",
    "publishConfig": {
      "registry": "https://registry.npmjs.org/"
    },
    "repository": {
      "type": "git",
      "url": "https://github.com/davidroyer/vue2-editor.git"
    },
    "sideeffects": false
  }

yarn manifest: 
  No manifest

Lockfile: 
  # THIS IS AN AUTOGENERATED FILE. DO NOT EDIT THIS FILE DIRECTLY.
  # yarn lockfile v1
  
  
  "call-bind@^1.0.2":
    "integrity" "sha512-7O+FbCihrB5WGbFYesctwmTKae6rOiIzmz1icreWJ+0aA7LJfuqhEso2T9ncpcFtzMQtzXf2QGGueWJGTYsqrA=="
    "resolved" "https://registry.npmjs.org/call-bind/-/call-bind-1.0.2.tgz"
    "version" "1.0.2"
    dependencies:
      "function-bind" "^1.1.1"
      "get-intrinsic" "^1.0.2"
  
  "clone@^2.1.1":
    "integrity" "sha512-3Pe/CF1Nn94hyhIYpjtiLhdCoEoz0DqQ+988E9gmeEdQZlojxnOb74wctFyuwWQHzqyf9X7C7MG8juUpqBJT8w=="
    "resolved" "https://registry.npmjs.org/clone/-/clone-2.1.2.tgz"
    "version" "2.1.2"
  
  "deep-equal@^1.0.1":
    "integrity" "sha512-yd9c5AdiqVcR+JjcwUQb9DkhJc8ngNr0MahEBGvDiJw8puWab2yZlh+nkasOnZP+EGTAP6rRp2JzJhJZzvNF8g=="
    "resolved" "https://registry.npmjs.org/deep-equal/-/deep-equal-1.1.1.tgz"
    "version" "1.1.1"
    dependencies:
      "is-arguments" "^1.0.4"
      "is-date-object" "^1.0.1"
      "is-regex" "^1.0.4"
      "object-is" "^1.0.1"
      "object-keys" "^1.1.1"
      "regexp.prototype.flags" "^1.2.0"
  
  "define-properties@^1.1.3":
    "integrity" "sha512-uckOqKcfaVvtBdsVkdPv3XjveQJsNQqmhXgRi8uhvWWuPYZCNlzT8qAyblUgNoXdHdjMTzAqeGjAoli8f+bzPA=="
    "resolved" "https://registry.npmjs.org/define-properties/-/define-properties-1.1.4.tgz"
    "version" "1.1.4"
    dependencies:
      "has-property-descriptors" "^1.0.0"
      "object-keys" "^1.1.1"
  
  "eventemitter3@^2.0.3":
    "integrity" "sha512-jLN68Dx5kyFHaePoXWPsCGW5qdyZQtLYHkxkg02/Mz6g0kYpDx4FyP6XfArhQdlOC4b8Mv+EMxPo/8La7Tzghg=="
    "resolved" "https://registry.npmjs.org/eventemitter3/-/eventemitter3-2.0.3.tgz"
    "version" "2.0.3"
  
  "extend@^3.0.2":
    "integrity" "sha512-fjquC59cD7CyW6urNXK0FBufkZcoiGG80wTuPujX590cB5Ttln20E2UB4S/WARVqhXffZl2LNgS+gQdPIIim/g=="
    "resolved" "https://registry.npmjs.org/extend/-/extend-3.0.2.tgz"
    "version" "3.0.2"
  
  "fast-diff@1.1.2":
    "integrity" "sha512-KaJUt+M9t1qaIteSvjc6P3RbMdXsNhK61GRftR6SNxqmhthcd9MGIi4T+o0jD8LUSpSnSKXE20nLtJ3fOHxQig=="
    "resolved" "https://registry.npmjs.org/fast-diff/-/fast-diff-1.1.2.tgz"
    "version" "1.1.2"
  
  "function-bind@^1.1.1":
    "integrity" "sha512-yIovAzMX49sF8Yl58fSCWJ5svSLuaibPxXQJFLmBObTuCr0Mf1KiPopGM9NiFjiYBCbfaa2Fh6breQ6ANVTI0A=="
    "resolved" "https://registry.npmjs.org/function-bind/-/function-bind-1.1.1.tgz"
    "version" "1.1.1"
  
  "functions-have-names@^1.2.2":
    "integrity" "sha512-xckBUXyTIqT97tq2x2AMb+g163b5JFysYk0x4qxNFwbfQkmNZoiRHb6sPzI9/QV33WeuvVYBUIiD4NzNIyqaRQ=="
    "resolved" "https://registry.npmjs.org/functions-have-names/-/functions-have-names-1.2.3.tgz"
    "version" "1.2.3"
  
  "get-intrinsic@^1.0.2", "get-intrinsic@^1.1.1":
    "integrity" "sha512-QJVz1Tj7MS099PevUG5jvnt9tSkXN8K14dxQlikJuPt4uD9hHAHjLyLBiLR5zELelBdD9QNRAXZzsJx0WaDL9A=="
    "resolved" "https://registry.npmjs.org/get-intrinsic/-/get-intrinsic-1.1.3.tgz"
    "version" "1.1.3"
    dependencies:
      "function-bind" "^1.1.1"
      "has" "^1.0.3"
      "has-symbols" "^1.0.3"
  
  "has-property-descriptors@^1.0.0":
    "integrity" "sha512-62DVLZGoiEBDHQyqG4w9xCuZ7eJEwNmJRWw2VY84Oedb7WFcA27fiEVe8oUQx9hAUJ4ekurquucTGwsyO1XGdQ=="
    "resolved" "https://registry.npmjs.org/has-property-descriptors/-/has-property-descriptors-1.0.0.tgz"
    "version" "1.0.0"
    dependencies:
      "get-intrinsic" "^1.1.1"
  
  "has-symbols@^1.0.2", "has-symbols@^1.0.3":
    "integrity" "sha512-l3LCuF6MgDNwTDKkdYGEihYjt5pRPbEg46rtlmnSPlUbgmB8LOIrKJbYYFBSbnPaJexMKtiPO8hmeRjRz2Td+A=="
    "resolved" "https://registry.npmjs.org/has-symbols/-/has-symbols-1.0.3.tgz"
    "version" "1.0.3"
  
  "has-tostringtag@^1.0.0":
    "integrity" "sha512-kFjcSNhnlGV1kyoGk7OXKSawH5JOb/LzUc5w9B02hOTO0dfFRjbHQKvg1d6cf3HbeUmtU9VbbV3qzZ2Teh97WQ=="
    "resolved" "https://registry.npmjs.org/has-tostringtag/-/has-tostringtag-1.0.0.tgz"
    "version" "1.0.0"
    dependencies:
      "has-symbols" "^1.0.2"
  
  "has@^1.0.3":
    "integrity" "sha512-f2dvO0VU6Oej7RkWJGrehjbzMAjFp5/VKPp5tTpWIV4JHHZK1/BxbFRtf/siA2SWTe09caDmVtYYzWEIbBS4zw=="
    "resolved" "https://registry.npmjs.org/has/-/has-1.0.3.tgz"
    "version" "1.0.3"
    dependencies:
      "function-bind" "^1.1.1"
  
  "is-arguments@^1.0.4":
    "integrity" "sha512-8Q7EARjzEnKpt/PCD7e1cgUS0a6X8u5tdSiMqXhojOdoV9TsMsiO+9VLC5vAmO8N7/GmXn7yjR8qnA6bVAEzfA=="
    "resolved" "https://registry.npmjs.org/is-arguments/-/is-arguments-1.1.1.tgz"
    "version" "1.1.1"
    dependencies:
      "call-bind" "^1.0.2"
      "has-tostringtag" "^1.0.0"
  
  "is-date-object@^1.0.1":
    "integrity" "sha512-9YQaSxsAiSwcvS33MBk3wTCVnWK+HhF8VZR2jRxehM16QcVOdHqPn4VPHmRK4lSr38n9JriurInLcP90xsYNfQ=="
    "resolved" "https://registry.npmjs.org/is-date-object/-/is-date-object-1.0.5.tgz"
    "version" "1.0.5"
    dependencies:
      "has-tostringtag" "^1.0.0"
  
  "is-regex@^1.0.4":
    "integrity" "sha512-kvRdxDsxZjhzUX07ZnLydzS1TU/TJlTUHHY4YLL87e37oUA49DfkLqgy+VjFocowy29cKvcSiu+kIv728jTTVg=="
    "resolved" "https://registry.npmjs.org/is-regex/-/is-regex-1.1.4.tgz"
    "version" "1.1.4"
    dependencies:
      "call-bind" "^1.0.2"
      "has-tostringtag" "^1.0.0"
  
  "object-is@^1.0.1":
    "integrity" "sha512-3cyDsyHgtmi7I7DfSSI2LDp6SK2lwvtbg0p0R1e0RvTqF5ceGx+K2dfSjm1bKDMVCFEDAQvy+o8c6a7VujOddw=="
    "resolved" "https://registry.npmjs.org/object-is/-/object-is-1.1.5.tgz"
    "version" "1.1.5"
    dependencies:
      "call-bind" "^1.0.2"
      "define-properties" "^1.1.3"
  
  "object-keys@^1.1.1":
    "integrity" "sha512-NuAESUOUMrlIXOfHKzD6bpPu3tYt3xvjNdRIQ+FeT0lNb4K8WR70CaDxhuNguS2XG+GjkyMwOzsN5ZktImfhLA=="
    "resolved" "https://registry.npmjs.org/object-keys/-/object-keys-1.1.1.tgz"
    "version" "1.1.1"
  
  "parchment@^1.1.4":
    "integrity" "sha512-J5FBQt/pM2inLzg4hEWmzQx/8h8D0CiDxaG3vyp9rKrQRSDgBlhjdP5jQGgosEajXPSQouXGHOmVdgo7QmJuOg=="
    "resolved" "https://registry.npmjs.org/parchment/-/parchment-1.1.4.tgz"
    "version" "1.1.4"
  
  "quill-delta@^3.6.2":
    "integrity" "sha512-wdIGBlcX13tCHOXGMVnnTVFtGRLoP0imqxM696fIPwIf5ODIYUHIvHbZcyvGlZFiFhK5XzDC2lpjbxRhnM05Tg=="
    "resolved" "https://registry.npmjs.org/quill-delta/-/quill-delta-3.6.3.tgz"
    "version" "3.6.3"
    dependencies:
      "deep-equal" "^1.0.1"
      "extend" "^3.0.2"
      "fast-diff" "1.1.2"
  
  "quill@^1.3.6":
    "integrity" "sha512-hG/DVzh/TiknWtE6QmWAF/pxoZKYxfe3J/d/+ShUWkDvvkZQVTPeVmUJVu1uE6DDooC4fWTiCLh84ul89oNz5g=="
    "resolved" "https://registry.npmjs.org/quill/-/quill-1.3.7.tgz"
    "version" "1.3.7"
    dependencies:
      "clone" "^2.1.1"
      "deep-equal" "^1.0.1"
      "eventemitter3" "^2.0.3"
      "extend" "^3.0.2"
      "parchment" "^1.1.4"
      "quill-delta" "^3.6.2"
  
  "regexp.prototype.flags@^1.2.0":
    "integrity" "sha512-fjggEOO3slI6Wvgjwflkc4NFRCTZAu5CnNfBd5qOMYhWdn67nJBBu34/TkD++eeFmd8C9r9jfXJ27+nSiRkSUA=="
    "resolved" "https://registry.npmjs.org/regexp.prototype.flags/-/regexp.prototype.flags-1.4.3.tgz"
    "version" "1.4.3"
    dependencies:
      "call-bind" "^1.0.2"
      "define-properties" "^1.1.3"
      "functions-have-names" "^1.2.2"
